# JRE version: Java(TM) SE Runtime Environment (8.0_291-b10) (build 1.8.0_291-b10)
# Java VM: Java HotSpot(TM) 64-Bit Server VM (25.291-b10 mixed mode windows-amd64 compressed oops)
Heap:
 PSYoungGen      total 212992K, used 131753K [0x00000000e0400000, 0x00000000f1580000, 0x0000000100000000)
  eden space 198656K, 59% used [0x00000000e0400000,0x00000000e76aed18,0x00000000ec600000)
  from space 14336K, 99% used [0x00000000ec600000,0x00000000ed3fb808,0x00000000ed400000)
  to   space 16896K, 0% used [0x00000000f0500000,0x00000000f0500000,0x00000000f1580000)
 ParOldGen       total 102912K, used 30373K [0x00000000a0c00000, 0x00000000a7080000, 0x00000000e0400000)
  object space 102912K, 29% used [0x00000000a0c00000,0x00000000a29a9790,0x00000000a7080000)
 Metaspace       used 71036K, capacity 75356K, committed 75520K, reserved 1114112K
  class space    used 9891K, capacity 10637K, committed 10752K, reserved 1048576K
GC Heap History (10 events):
Event: 22.148 GC heap before
{Heap before GC invocations=12 (full 2):
 PSYoungGen      total 128000K, used 117760K [0x00000000e0400000, 0x00000000eb300000, 0x0000000100000000)
  eden space 117760K, 100% used [0x00000000e0400000,0x00000000e7700000,0x00000000e7700000)
  from space 10240K, 0% used [0x00000000e7700000,0x00000000e7700000,0x00000000e8100000)
  to   space 12288K, 0% used [0x00000000ea700000,0x00000000ea700000,0x00000000eb300000)
 ParOldGen       total 71680K, used 15982K [0x00000000a0c00000, 0x00000000a5200000, 0x00000000e0400000)
  object space 71680K, 22% used [0x00000000a0c00000,0x00000000a1b9b910,0x00000000a5200000)
 Metaspace       used 39473K, capacity 41834K, committed 42112K, reserved 1085440K
  class space    used 5239K, capacity 5643K, committed 5760K, reserved 1048576K
Event: 22.193 GC heap after
Heap after GC invocations=12 (full 2):
 PSYoungGen      total 166912K, used 8119K [0x00000000e0400000, 0x00000000eb500000, 0x0000000100000000)
  eden space 154624K, 0% used [0x00000000e0400000,0x00000000e0400000,0x00000000e9b00000)
  from space 12288K, 66% used [0x00000000ea700000,0x00000000eaeeded0,0x00000000eb300000)
  to   space 12288K, 0% used [0x00000000e9b00000,0x00000000e9b00000,0x00000000ea700000)
 ParOldGen       total 71680K, used 15990K [0x00000000a0c00000, 0x00000000a5200000, 0x00000000e0400000)
  object space 71680K, 22% used [0x00000000a0c00000,0x00000000a1b9d910,0x00000000a5200000)
 Metaspace       used 39473K, capacity 41834K, committed 42112K, reserved 1085440K
  class space    used 5239K, capacity 5643K, committed 5760K, reserved 1048576K
}
Event: 27.994 GC heap before
{Heap before GC invocations=13 (full 2):
 PSYoungGen      total 166912K, used 162743K [0x00000000e0400000, 0x00000000eb500000, 0x0000000100000000)
  eden space 154624K, 100% used [0x00000000e0400000,0x00000000e9b00000,0x00000000e9b00000)
  from space 12288K, 66% used [0x00000000ea700000,0x00000000eaeeded0,0x00000000eb300000)
  to   space 12288K, 0% used [0x00000000e9b00000,0x00000000e9b00000,0x00000000ea700000)
 ParOldGen       total 71680K, used 15990K [0x00000000a0c00000, 0x00000000a5200000, 0x00000000e0400000)
  object space 71680K, 22% used [0x00000000a0c00000,0x00000000a1b9d910,0x00000000a5200000)
 Metaspace       used 46903K, capacity 49720K, committed 49920K, reserved 1091584K
  class space    used 6367K, capacity 6863K, committed 6912K, reserved 1048576K
Event: 28.033 GC heap after
Heap after GC invocations=13 (full 2):
 PSYoungGen      total 166912K, used 12265K [0x00000000e0400000, 0x00000000ee600000, 0x0000000100000000)
  eden space 154624K, 0% used [0x00000000e0400000,0x00000000e0400000,0x00000000e9b00000)
  from space 12288K, 99% used [0x00000000e9b00000,0x00000000ea6fa790,0x00000000ea700000)
  to   space 14336K, 0% used [0x00000000ed800000,0x00000000ed800000,0x00000000ee600000)
 ParOldGen       total 71680K, used 17707K [0x00000000a0c00000, 0x00000000a5200000, 0x00000000e0400000)
  object space 71680K, 24% used [0x00000000a0c00000,0x00000000a1d4ad90,0x00000000a5200000)
 Metaspace       used 46903K, capacity 49720K, committed 49920K, reserved 1091584K
  class space    used 6367K, capacity 6863K, committed 6912K, reserved 1048576K
}
Event: 32.845 GC heap before
{Heap before GC invocations=14 (full 2):
 PSYoungGen      total 166912K, used 78410K [0x00000000e0400000, 0x00000000ee600000, 0x0000000100000000)
  eden space 154624K, 42% used [0x00000000e0400000,0x00000000e44981e8,0x00000000e9b00000)
  from space 12288K, 99% used [0x00000000e9b00000,0x00000000ea6fa790,0x00000000ea700000)
  to   space 14336K, 0% used [0x00000000ed800000,0x00000000ed800000,0x00000000ee600000)
 ParOldGen       total 71680K, used 17707K [0x00000000a0c00000, 0x00000000a5200000, 0x00000000e0400000)
  object space 71680K, 24% used [0x00000000a0c00000,0x00000000a1d4ad90,0x00000000a5200000)
 Metaspace       used 55995K, capacity 58988K, committed 59096K, reserved 1099776K
  class space    used 7679K, capacity 8237K, committed 8320K, reserved 1048576K
Event: 32.868 GC heap after
Heap after GC invocations=14 (full 2):
 PSYoungGen      total 208896K, used 9042K [0x00000000e0400000, 0x00000000ee200000, 0x0000000100000000)
  eden space 198656K, 0% used [0x00000000e0400000,0x00000000e0400000,0x00000000ec600000)
  from space 10240K, 88% used [0x00000000ed800000,0x00000000ee0d4b90,0x00000000ee200000)
  to   space 14336K, 0% used [0x00000000ec600000,0x00000000ec600000,0x00000000ed400000)
 ParOldGen       total 71680K, used 24924K [0x00000000a0c00000, 0x00000000a5200000, 0x00000000e0400000)
  object space 71680K, 34% used [0x00000000a0c00000,0x00000000a2457210,0x00000000a5200000)
 Metaspace       used 55995K, capacity 58988K, committed 59096K, reserved 1099776K
  class space    used 7679K, capacity 8237K, committed 8320K, reserved 1048576K
}
Event: 32.869 GC heap before
{Heap before GC invocations=15 (full 3):
 PSYoungGen      total 208896K, used 9042K [0x00000000e0400000, 0x00000000ee200000, 0x0000000100000000)
  eden space 198656K, 0% used [0x00000000e0400000,0x00000000e0400000,0x00000000ec600000)
  from space 10240K, 88% used [0x00000000ed800000,0x00000000ee0d4b90,0x00000000ee200000)
  to   space 14336K, 0% used [0x00000000ec600000,0x00000000ec600000,0x00000000ed400000)
 ParOldGen       total 71680K, used 24924K [0x00000000a0c00000, 0x00000000a5200000, 0x00000000e0400000)
  object space 71680K, 34% used [0x00000000a0c00000,0x00000000a2457210,0x00000000a5200000)
 Metaspace       used 55995K, capacity 58988K, committed 59096K, reserved 1099776K
  class space    used 7679K, capacity 8237K, committed 8320K, reserved 1048576K
Event: 33.123 GC heap after
Heap after GC invocations=15 (full 3):
 PSYoungGen      total 208896K, used 0K [0x00000000e0400000, 0x00000000ee200000, 0x0000000100000000)
  eden space 198656K, 0% used [0x00000000e0400000,0x00000000e0400000,0x00000000ec600000)
  from space 10240K, 0% used [0x00000000ed800000,0x00000000ed800000,0x00000000ee200000)
  to   space 14336K, 0% used [0x00000000ec600000,0x00000000ec600000,0x00000000ed400000)
 ParOldGen       total 102912K, used 27773K [0x00000000a0c00000, 0x00000000a7080000, 0x00000000e0400000)
  object space 102912K, 26% used [0x00000000a0c00000,0x00000000a271f6e0,0x00000000a7080000)
 Metaspace       used 55995K, capacity 58988K, committed 59096K, reserved 1099776K
  class space    used 7679K, capacity 8237K, committed 8320K, reserved 1048576K
}
Event: 36.843 GC heap before
{Heap before GC invocations=16 (full 3):
 PSYoungGen      total 208896K, used 198656K [0x00000000e0400000, 0x00000000ee200000, 0x0000000100000000)
  eden space 198656K, 100% used [0x00000000e0400000,0x00000000ec600000,0x00000000ec600000)
  from space 10240K, 0% used [0x00000000ed800000,0x00000000ed800000,0x00000000ee200000)
  to   space 14336K, 0% used [0x00000000ec600000,0x00000000ec600000,0x00000000ed400000)
 ParOldGen       total 102912K, used 27773K [0x00000000a0c00000, 0x00000000a7080000, 0x00000000e0400000)
  object space 102912K, 26% used [0x00000000a0c00000,0x00000000a271f6e0,0x00000000a7080000)
 Metaspace       used 67846K, capacity 71762K, committed 71808K, reserved 1112064K
  class space    used 9445K, capacity 10100K, committed 10112K, reserved 1048576K
Event: 36.868 GC heap after
Heap after GC invocations=16 (full 3):
 PSYoungGen      total 212992K, used 14318K [0x00000000e0400000, 0x00000000f1580000, 0x0000000100000000)
  eden space 198656K, 0% used [0x00000000e0400000,0x00000000e0400000,0x00000000ec600000)
  from space 14336K, 99% used [0x00000000ec600000,0x00000000ed3fb808,0x00000000ed400000)
  to   space 16896K, 0% used [0x00000000f0500000,0x00000000f0500000,0x00000000f1580000)
 ParOldGen       total 102912K, used 30373K [0x00000000a0c00000, 0x00000000a7080000, 0x00000000e0400000)
  object space 102912K, 29% used [0x00000000a0c00000,0x00000000a29a9790,0x00000000a7080000)
 Metaspace       used 67846K, capacity 71762K, committed 71808K, reserved 1112064K
  class space    used 9445K, capacity 10100K, committed 10112K, reserved 1048576K
}

